<?xml version="1.0" encoding="UTF-8"?>
<!-- Generated by org.testng.reporters.JUnitReportReporter -->
<testsuite hostname="DESKTOP-R1BQD8J" failures="0" tests="53" name="com.bellatrix.runnerclass.AllmethodRunner" time="1.963" errors="53" timestamp="2023-11-04T16:53:16 IST" skipped="0">
  <testcase classname="com.bellatrix.runnerclass.AllmethodRunner" name="runScenario" time="0.013">
    <error type="com.bellatrix.custumexception.InvalidBrowserError">
      <![CDATA[com.bellatrix.custumexception.InvalidBrowserError
at com.bellatrix.stepDefination.HooksClass.SetUp(HooksClass.java:45)
]]>
    </error>
  </testcase> <!-- runScenario -->
  <testcase classname="com.bellatrix.runnerclass.AllmethodRunner" name="runScenario" time="0.044">
    <error type="com.bellatrix.custumexception.InvalidBrowserError">
      <![CDATA[com.bellatrix.custumexception.InvalidBrowserError
at com.bellatrix.stepDefination.HooksClass.SetUp(HooksClass.java:45)
]]>
    </error>
  </testcase> <!-- runScenario -->
  <testcase classname="com.bellatrix.runnerclass.AllmethodRunner" name="runScenario" time="0.015">
    <error type="com.bellatrix.custumexception.InvalidBrowserError">
      <![CDATA[com.bellatrix.custumexception.InvalidBrowserError
at com.bellatrix.stepDefination.HooksClass.SetUp(HooksClass.java:45)
]]>
    </error>
  </testcase> <!-- runScenario -->
  <testcase classname="com.bellatrix.runnerclass.AllmethodRunner" name="runScenario" time="0.023">
    <error type="com.bellatrix.custumexception.InvalidBrowserError">
      <![CDATA[com.bellatrix.custumexception.InvalidBrowserError
at com.bellatrix.stepDefination.HooksClass.SetUp(HooksClass.java:45)
]]>
    </error>
  </testcase> <!-- runScenario -->
  <testcase classname="com.bellatrix.runnerclass.AllmethodRunner" name="runScenario" time="0.024">
    <error type="com.bellatrix.custumexception.InvalidBrowserError">
      <![CDATA[com.bellatrix.custumexception.InvalidBrowserError
at com.bellatrix.stepDefination.HooksClass.SetUp(HooksClass.java:45)
]]>
    </error>
  </testcase> <!-- runScenario -->
  <testcase classname="com.bellatrix.runnerclass.AllmethodRunner" name="runScenario" time="0.029">
    <error type="com.bellatrix.custumexception.InvalidBrowserError">
      <![CDATA[com.bellatrix.custumexception.InvalidBrowserError
at com.bellatrix.stepDefination.HooksClass.SetUp(HooksClass.java:45)
]]>
    </error>
  </testcase> <!-- runScenario -->
  <testcase classname="com.bellatrix.runnerclass.AllmethodRunner" name="runScenario" time="0.013">
    <error type="com.bellatrix.custumexception.InvalidBrowserError">
      <![CDATA[com.bellatrix.custumexception.InvalidBrowserError
at com.bellatrix.stepDefination.HooksClass.SetUp(HooksClass.java:45)
]]>
    </error>
  </testcase> <!-- runScenario -->
  <testcase classname="com.bellatrix.runnerclass.AllmethodRunner" name="runScenario" time="0.029">
    <error type="com.bellatrix.custumexception.InvalidBrowserError">
      <![CDATA[com.bellatrix.custumexception.InvalidBrowserError
at com.bellatrix.stepDefination.HooksClass.SetUp(HooksClass.java:45)
]]>
    </error>
  </testcase> <!-- runScenario -->
  <testcase classname="com.bellatrix.runnerclass.AllmethodRunner" name="runScenario" time="0.029">
    <error type="com.bellatrix.custumexception.InvalidBrowserError">
      <![CDATA[com.bellatrix.custumexception.InvalidBrowserError
at com.bellatrix.stepDefination.HooksClass.SetUp(HooksClass.java:45)
]]>
    </error>
  </testcase> <!-- runScenario -->
  <testcase classname="com.bellatrix.runnerclass.AllmethodRunner" name="runScenario" time="0.025">
    <error type="com.bellatrix.custumexception.InvalidBrowserError">
      <![CDATA[com.bellatrix.custumexception.InvalidBrowserError
at com.bellatrix.stepDefination.HooksClass.SetUp(HooksClass.java:45)
]]>
    </error>
  </testcase> <!-- runScenario -->
  <testcase classname="com.bellatrix.runnerclass.AllmethodRunner" name="runScenario" time="0.019">
    <error type="com.bellatrix.custumexception.InvalidBrowserError">
      <![CDATA[com.bellatrix.custumexception.InvalidBrowserError
at com.bellatrix.stepDefination.HooksClass.SetUp(HooksClass.java:45)
]]>
    </error>
  </testcase> <!-- runScenario -->
  <testcase classname="com.bellatrix.runnerclass.AllmethodRunner" name="runScenario" time="0.027">
    <error type="com.bellatrix.custumexception.InvalidBrowserError">
      <![CDATA[com.bellatrix.custumexception.InvalidBrowserError
at com.bellatrix.stepDefination.HooksClass.SetUp(HooksClass.java:45)
]]>
    </error>
  </testcase> <!-- runScenario -->
  <testcase classname="com.bellatrix.runnerclass.AllmethodRunner" name="runScenario" time="0.038">
    <error type="com.bellatrix.custumexception.InvalidBrowserError">
      <![CDATA[com.bellatrix.custumexception.InvalidBrowserError
at com.bellatrix.stepDefination.HooksClass.SetUp(HooksClass.java:45)
]]>
    </error>
  </testcase> <!-- runScenario -->
  <testcase classname="com.bellatrix.runnerclass.AllmethodRunner" name="runScenario" time="0.027">
    <error type="com.bellatrix.custumexception.InvalidBrowserError">
      <![CDATA[com.bellatrix.custumexception.InvalidBrowserError
at com.bellatrix.stepDefination.HooksClass.SetUp(HooksClass.java:45)
]]>
    </error>
  </testcase> <!-- runScenario -->
  <testcase classname="com.bellatrix.runnerclass.AllmethodRunner" name="runScenario" time="0.053">
    <error type="com.bellatrix.custumexception.InvalidBrowserError">
      <![CDATA[com.bellatrix.custumexception.InvalidBrowserError
at com.bellatrix.stepDefination.HooksClass.SetUp(HooksClass.java:45)
]]>
    </error>
  </testcase> <!-- runScenario -->
  <testcase classname="com.bellatrix.runnerclass.AllmethodRunner" name="runScenario" time="0.020">
    <error type="com.bellatrix.custumexception.InvalidBrowserError">
      <![CDATA[com.bellatrix.custumexception.InvalidBrowserError
at com.bellatrix.stepDefination.HooksClass.SetUp(HooksClass.java:45)
]]>
    </error>
  </testcase> <!-- runScenario -->
  <testcase classname="com.bellatrix.runnerclass.AllmethodRunner" name="runScenario" time="0.018">
    <error type="com.bellatrix.custumexception.InvalidBrowserError">
      <![CDATA[com.bellatrix.custumexception.InvalidBrowserError
at com.bellatrix.stepDefination.HooksClass.SetUp(HooksClass.java:45)
]]>
    </error>
  </testcase> <!-- runScenario -->
  <testcase classname="com.bellatrix.runnerclass.AllmethodRunner" name="runScenario" time="0.020">
    <error type="com.bellatrix.custumexception.InvalidBrowserError">
      <![CDATA[com.bellatrix.custumexception.InvalidBrowserError
at com.bellatrix.stepDefination.HooksClass.SetUp(HooksClass.java:45)
]]>
    </error>
  </testcase> <!-- runScenario -->
  <testcase classname="com.bellatrix.runnerclass.AllmethodRunner" name="runScenario" time="0.188">
    <error type="com.bellatrix.custumexception.InvalidBrowserError">
      <![CDATA[com.bellatrix.custumexception.InvalidBrowserError
at com.bellatrix.stepDefination.HooksClass.SetUp(HooksClass.java:45)
]]>
    </error>
  </testcase> <!-- runScenario -->
  <testcase classname="com.bellatrix.runnerclass.AllmethodRunner" name="runScenario" time="0.016">
    <error type="com.bellatrix.custumexception.InvalidBrowserError">
      <![CDATA[com.bellatrix.custumexception.InvalidBrowserError
at com.bellatrix.stepDefination.HooksClass.SetUp(HooksClass.java:45)
]]>
    </error>
  </testcase> <!-- runScenario -->
  <testcase classname="com.bellatrix.runnerclass.AllmethodRunner" name="runScenario" time="0.020">
    <error type="com.bellatrix.custumexception.InvalidBrowserError">
      <![CDATA[com.bellatrix.custumexception.InvalidBrowserError
at com.bellatrix.stepDefination.HooksClass.SetUp(HooksClass.java:45)
]]>
    </error>
  </testcase> <!-- runScenario -->
  <testcase classname="com.bellatrix.runnerclass.AllmethodRunner" name="runScenario" time="0.054">
    <error type="com.bellatrix.custumexception.InvalidBrowserError">
      <![CDATA[com.bellatrix.custumexception.InvalidBrowserError
at com.bellatrix.stepDefination.HooksClass.SetUp(HooksClass.java:45)
]]>
    </error>
  </testcase> <!-- runScenario -->
  <testcase classname="com.bellatrix.runnerclass.AllmethodRunner" name="runScenario" time="0.050">
    <error type="com.bellatrix.custumexception.InvalidBrowserError">
      <![CDATA[com.bellatrix.custumexception.InvalidBrowserError
at com.bellatrix.stepDefination.HooksClass.SetUp(HooksClass.java:45)
]]>
    </error>
  </testcase> <!-- runScenario -->
  <testcase classname="com.bellatrix.runnerclass.AllmethodRunner" name="runScenario" time="0.017">
    <error type="com.bellatrix.custumexception.InvalidBrowserError">
      <![CDATA[com.bellatrix.custumexception.InvalidBrowserError
at com.bellatrix.stepDefination.HooksClass.SetUp(HooksClass.java:45)
]]>
    </error>
  </testcase> <!-- runScenario -->
  <testcase classname="com.bellatrix.runnerclass.AllmethodRunner" name="runScenario" time="0.031">
    <error type="com.bellatrix.custumexception.InvalidBrowserError">
      <![CDATA[com.bellatrix.custumexception.InvalidBrowserError
at com.bellatrix.stepDefination.HooksClass.SetUp(HooksClass.java:45)
]]>
    </error>
  </testcase> <!-- runScenario -->
  <testcase classname="com.bellatrix.runnerclass.AllmethodRunner" name="runScenario" time="0.024">
    <error type="com.bellatrix.custumexception.InvalidBrowserError">
      <![CDATA[com.bellatrix.custumexception.InvalidBrowserError
at com.bellatrix.stepDefination.HooksClass.SetUp(HooksClass.java:45)
]]>
    </error>
  </testcase> <!-- runScenario -->
  <testcase classname="com.bellatrix.runnerclass.AllmethodRunner" name="runScenario" time="0.016">
    <error type="com.bellatrix.custumexception.InvalidBrowserError">
      <![CDATA[com.bellatrix.custumexception.InvalidBrowserError
at com.bellatrix.stepDefination.HooksClass.SetUp(HooksClass.java:45)
]]>
    </error>
  </testcase> <!-- runScenario -->
  <testcase classname="com.bellatrix.runnerclass.AllmethodRunner" name="runScenario" time="0.025">
    <error type="com.bellatrix.custumexception.InvalidBrowserError">
      <![CDATA[com.bellatrix.custumexception.InvalidBrowserError
at com.bellatrix.stepDefination.HooksClass.SetUp(HooksClass.java:45)
]]>
    </error>
  </testcase> <!-- runScenario -->
  <testcase classname="com.bellatrix.runnerclass.AllmethodRunner" name="runScenario" time="0.033">
    <error type="com.bellatrix.custumexception.InvalidBrowserError">
      <![CDATA[com.bellatrix.custumexception.InvalidBrowserError
at com.bellatrix.stepDefination.HooksClass.SetUp(HooksClass.java:45)
]]>
    </error>
  </testcase> <!-- runScenario -->
  <testcase classname="com.bellatrix.runnerclass.AllmethodRunner" name="runScenario" time="0.012">
    <error type="com.bellatrix.custumexception.InvalidBrowserError">
      <![CDATA[com.bellatrix.custumexception.InvalidBrowserError
at com.bellatrix.stepDefination.HooksClass.SetUp(HooksClass.java:45)
]]>
    </error>
  </testcase> <!-- runScenario -->
  <testcase classname="com.bellatrix.runnerclass.AllmethodRunner" name="runScenario" time="0.398">
    <error type="com.bellatrix.custumexception.InvalidBrowserError">
      <![CDATA[com.bellatrix.custumexception.InvalidBrowserError
at com.bellatrix.stepDefination.HooksClass.SetUp(HooksClass.java:45)
]]>
    </error>
  </testcase> <!-- runScenario -->
  <testcase classname="com.bellatrix.runnerclass.AllmethodRunner" name="runScenario" time="0.019">
    <error type="com.bellatrix.custumexception.InvalidBrowserError">
      <![CDATA[com.bellatrix.custumexception.InvalidBrowserError
at com.bellatrix.stepDefination.HooksClass.SetUp(HooksClass.java:45)
]]>
    </error>
  </testcase> <!-- runScenario -->
  <testcase classname="com.bellatrix.runnerclass.AllmethodRunner" name="runScenario" time="0.013">
    <error type="com.bellatrix.custumexception.InvalidBrowserError">
      <![CDATA[com.bellatrix.custumexception.InvalidBrowserError
at com.bellatrix.stepDefination.HooksClass.SetUp(HooksClass.java:45)
]]>
    </error>
  </testcase> <!-- runScenario -->
  <testcase classname="com.bellatrix.runnerclass.AllmethodRunner" name="runScenario" time="0.040">
    <error type="com.bellatrix.custumexception.InvalidBrowserError">
      <![CDATA[com.bellatrix.custumexception.InvalidBrowserError
at com.bellatrix.stepDefination.HooksClass.SetUp(HooksClass.java:45)
]]>
    </error>
  </testcase> <!-- runScenario -->
  <testcase classname="com.bellatrix.runnerclass.AllmethodRunner" name="runScenario" time="0.034">
    <error type="com.bellatrix.custumexception.InvalidBrowserError">
      <![CDATA[com.bellatrix.custumexception.InvalidBrowserError
at com.bellatrix.stepDefination.HooksClass.SetUp(HooksClass.java:45)
]]>
    </error>
  </testcase> <!-- runScenario -->
  <testcase classname="com.bellatrix.runnerclass.AllmethodRunner" name="runScenario" time="0.020">
    <error type="com.bellatrix.custumexception.InvalidBrowserError">
      <![CDATA[com.bellatrix.custumexception.InvalidBrowserError
at com.bellatrix.stepDefination.HooksClass.SetUp(HooksClass.java:45)
]]>
    </error>
  </testcase> <!-- runScenario -->
  <testcase classname="com.bellatrix.runnerclass.AllmethodRunner" name="runScenario" time="0.061">
    <error type="com.bellatrix.custumexception.InvalidBrowserError">
      <![CDATA[com.bellatrix.custumexception.InvalidBrowserError
at com.bellatrix.stepDefination.HooksClass.SetUp(HooksClass.java:45)
]]>
    </error>
  </testcase> <!-- runScenario -->
  <testcase classname="com.bellatrix.runnerclass.AllmethodRunner" name="runScenario" time="0.022">
    <error type="com.bellatrix.custumexception.InvalidBrowserError">
      <![CDATA[com.bellatrix.custumexception.InvalidBrowserError
at com.bellatrix.stepDefination.HooksClass.SetUp(HooksClass.java:45)
]]>
    </error>
  </testcase> <!-- runScenario -->
  <testcase classname="com.bellatrix.runnerclass.AllmethodRunner" name="runScenario" time="0.024">
    <error type="com.bellatrix.custumexception.InvalidBrowserError">
      <![CDATA[com.bellatrix.custumexception.InvalidBrowserError
at com.bellatrix.stepDefination.HooksClass.SetUp(HooksClass.java:45)
]]>
    </error>
  </testcase> <!-- runScenario -->
  <testcase classname="com.bellatrix.runnerclass.AllmethodRunner" name="runScenario" time="0.030">
    <error type="com.bellatrix.custumexception.InvalidBrowserError">
      <![CDATA[com.bellatrix.custumexception.InvalidBrowserError
at com.bellatrix.stepDefination.HooksClass.SetUp(HooksClass.java:45)
]]>
    </error>
  </testcase> <!-- runScenario -->
  <testcase classname="com.bellatrix.runnerclass.AllmethodRunner" name="runScenario" time="0.028">
    <error type="com.bellatrix.custumexception.InvalidBrowserError">
      <![CDATA[com.bellatrix.custumexception.InvalidBrowserError
at com.bellatrix.stepDefination.HooksClass.SetUp(HooksClass.java:45)
]]>
    </error>
  </testcase> <!-- runScenario -->
  <testcase classname="com.bellatrix.runnerclass.AllmethodRunner" name="runScenario" time="0.062">
    <error type="com.bellatrix.custumexception.InvalidBrowserError">
      <![CDATA[com.bellatrix.custumexception.InvalidBrowserError
at com.bellatrix.stepDefination.HooksClass.SetUp(HooksClass.java:45)
]]>
    </error>
  </testcase> <!-- runScenario -->
  <testcase classname="com.bellatrix.runnerclass.AllmethodRunner" name="runScenario" time="0.015">
    <error type="com.bellatrix.custumexception.InvalidBrowserError">
      <![CDATA[com.bellatrix.custumexception.InvalidBrowserError
at com.bellatrix.stepDefination.HooksClass.SetUp(HooksClass.java:45)
]]>
    </error>
  </testcase> <!-- runScenario -->
  <testcase classname="com.bellatrix.runnerclass.AllmethodRunner" name="runScenario" time="0.028">
    <error type="com.bellatrix.custumexception.InvalidBrowserError">
      <![CDATA[com.bellatrix.custumexception.InvalidBrowserError
at com.bellatrix.stepDefination.HooksClass.SetUp(HooksClass.java:45)
]]>
    </error>
  </testcase> <!-- runScenario -->
  <testcase classname="com.bellatrix.runnerclass.AllmethodRunner" name="runScenario" time="0.028">
    <error type="com.bellatrix.custumexception.InvalidBrowserError">
      <![CDATA[com.bellatrix.custumexception.InvalidBrowserError
at com.bellatrix.stepDefination.HooksClass.SetUp(HooksClass.java:45)
]]>
    </error>
  </testcase> <!-- runScenario -->
  <testcase classname="com.bellatrix.runnerclass.AllmethodRunner" name="runScenario" time="0.023">
    <error type="com.bellatrix.custumexception.InvalidBrowserError">
      <![CDATA[com.bellatrix.custumexception.InvalidBrowserError
at com.bellatrix.stepDefination.HooksClass.SetUp(HooksClass.java:45)
]]>
    </error>
  </testcase> <!-- runScenario -->
  <testcase classname="com.bellatrix.runnerclass.AllmethodRunner" name="runScenario" time="0.024">
    <error type="com.bellatrix.custumexception.InvalidBrowserError">
      <![CDATA[com.bellatrix.custumexception.InvalidBrowserError
at com.bellatrix.stepDefination.HooksClass.SetUp(HooksClass.java:45)
]]>
    </error>
  </testcase> <!-- runScenario -->
  <testcase classname="com.bellatrix.runnerclass.AllmethodRunner" name="runScenario" time="0.022">
    <error type="com.bellatrix.custumexception.InvalidBrowserError">
      <![CDATA[com.bellatrix.custumexception.InvalidBrowserError
at com.bellatrix.stepDefination.HooksClass.SetUp(HooksClass.java:45)
]]>
    </error>
  </testcase> <!-- runScenario -->
  <testcase classname="com.bellatrix.runnerclass.AllmethodRunner" name="runScenario" time="0.030">
    <error type="com.bellatrix.custumexception.InvalidBrowserError">
      <![CDATA[com.bellatrix.custumexception.InvalidBrowserError
at com.bellatrix.stepDefination.HooksClass.SetUp(HooksClass.java:45)
]]>
    </error>
  </testcase> <!-- runScenario -->
  <testcase classname="com.bellatrix.runnerclass.AllmethodRunner" name="runScenario" time="0.019">
    <error type="com.bellatrix.custumexception.InvalidBrowserError">
      <![CDATA[com.bellatrix.custumexception.InvalidBrowserError
at com.bellatrix.stepDefination.HooksClass.SetUp(HooksClass.java:45)
]]>
    </error>
  </testcase> <!-- runScenario -->
  <testcase classname="com.bellatrix.runnerclass.AllmethodRunner" name="runScenario" time="0.023">
    <error type="com.bellatrix.custumexception.InvalidBrowserError">
      <![CDATA[com.bellatrix.custumexception.InvalidBrowserError
at com.bellatrix.stepDefination.HooksClass.SetUp(HooksClass.java:45)
]]>
    </error>
  </testcase> <!-- runScenario -->
  <testcase classname="com.bellatrix.runnerclass.AllmethodRunner" name="runScenario" time="0.029">
    <error type="com.bellatrix.custumexception.InvalidBrowserError">
      <![CDATA[com.bellatrix.custumexception.InvalidBrowserError
at com.bellatrix.stepDefination.HooksClass.SetUp(HooksClass.java:45)
]]>
    </error>
  </testcase> <!-- runScenario -->
  <testcase classname="com.bellatrix.runnerclass.AllmethodRunner" name="runScenario" time="0.019">
    <error type="com.bellatrix.custumexception.InvalidBrowserError">
      <![CDATA[com.bellatrix.custumexception.InvalidBrowserError
at com.bellatrix.stepDefination.HooksClass.SetUp(HooksClass.java:45)
]]>
    </error>
  </testcase> <!-- runScenario -->
</testsuite> <!-- com.bellatrix.runnerclass.AllmethodRunner -->
