<?xml version="1.0" encoding="UTF-8"?>
<!-- Generated by org.testng.reporters.JUnitReportReporter -->
<testsuite hostname="DESKTOP-R1BQD8J" failures="0" tests="1" name="com.api.runner.RunnerApi" time="1.740" errors="0" timestamp="2023-11-03T19:34:36 IST" skipped="0">
  <testcase classname="com.api.runner.RunnerApi" name="runScenario" time="1.740"/>
</testsuite> <!-- com.api.runner.RunnerApi -->
