<?xml version="1.0" encoding="UTF-8"?>
<!-- Generated by org.testng.reporters.JUnitReportReporter -->
<testsuite hostname="DESKTOP-R1BQD8J" failures="0" tests="1" name="com.bellatrix.runnerclass.RunnerHomePage" time="110.259" errors="0" timestamp="2023-11-03T19:17:05 IST" skipped="0">
  <testcase classname="com.bellatrix.runnerclass.RunnerHomePage" name="runScenario" time="110.259"/>
</testsuite> <!-- com.bellatrix.runnerclass.RunnerHomePage -->
