<?xml version="1.0" encoding="UTF-8"?>
<!-- Generated by org.testng.reporters.JUnitReportReporter -->
<testsuite hostname="DESKTOP-R1BQD8J" failures="0" tests="1" name="com.bellatrix.runnerclass.RunnerLoginPage" time="0.306" errors="1" timestamp="2023-11-04T16:16:22 IST" skipped="0">
  <testcase classname="com.bellatrix.runnerclass.RunnerLoginPage" name="runScenario" time="0.306">
    <error type="java.lang.NullPointerException">
      <![CDATA[java.lang.NullPointerException
at com.bellatrix.stepDefination.HooksClass.SetUp(HooksClass.java:40)
]]>
    </error>
  </testcase> <!-- runScenario -->
</testsuite> <!-- com.bellatrix.runnerclass.RunnerLoginPage -->
